#! /usr/bin/vvp
:ivl_version "11.0 (stable)";
:ivl_delay_selection "TYPICAL";
:vpi_time_precision - 9;
:vpi_module "/usr/lib/x86_64-linux-gnu/ivl/system.vpi";
:vpi_module "/usr/lib/x86_64-linux-gnu/ivl/vhdl_sys.vpi";
:vpi_module "/usr/lib/x86_64-linux-gnu/ivl/vhdl_textio.vpi";
:vpi_module "/usr/lib/x86_64-linux-gnu/ivl/v2005_math.vpi";
:vpi_module "/usr/lib/x86_64-linux-gnu/ivl/va_math.vpi";
S_0x56496c636f10 .scope module, "sum1bcc_TB" "sum1bcc_TB" 2 2;
 .timescale -9 -9;
v0x56496c64a930_0 .var "c", 0 0;
v0x56496c64a9f0_0 .net "out", 0 0, L_0x56496c64ae10;  1 drivers
v0x56496c64aa90_0 .var "x", 0 0;
v0x56496c64ab60_0 .var "y", 0 0;
v0x56496c64ac30_0 .net "z", 0 0, L_0x56496c64ad20;  1 drivers
S_0x56496c6370a0 .scope begin, "TEST_CASE" "TEST_CASE" 2 28, 2 28 0, S_0x56496c636f10;
 .timescale -9 -9;
S_0x56496c6231f0 .scope module, "uut" "sum1bcc" 2 11, 3 3 0, S_0x56496c636f10;
 .timescale -9 -9;
    .port_info 0 /INPUT 1 "A";
    .port_info 1 /INPUT 1 "B";
    .port_info 2 /INPUT 1 "Ci";
    .port_info 3 /OUTPUT 1 "Cout";
    .port_info 4 /OUTPUT 1 "S";
v0x56496c6233d0_0 .net "A", 0 0, v0x56496c64aa90_0;  1 drivers
v0x56496c64a480_0 .net "B", 0 0, v0x56496c64ab60_0;  1 drivers
v0x56496c64a540_0 .net "Ci", 0 0, v0x56496c64a930_0;  1 drivers
v0x56496c64a5e0_0 .net "Cout", 0 0, L_0x56496c64ae10;  alias, 1 drivers
v0x56496c64a6a0_0 .net "S", 0 0, L_0x56496c64ad20;  alias, 1 drivers
v0x56496c64a7b0_0 .var "st", 1 0;
E_0x56496c637d10 .event edge, v0x56496c6233d0_0, v0x56496c64a480_0, v0x56496c64a540_0;
L_0x56496c64ad20 .part v0x56496c64a7b0_0, 0, 1;
L_0x56496c64ae10 .part v0x56496c64a7b0_0, 1, 1;
    .scope S_0x56496c6231f0;
T_0 ;
    %wait E_0x56496c637d10;
    %load/vec4 v0x56496c6233d0_0;
    %pad/u 2;
    %load/vec4 v0x56496c64a480_0;
    %pad/u 2;
    %add;
    %load/vec4 v0x56496c64a540_0;
    %pad/u 2;
    %add;
    %store/vec4 v0x56496c64a7b0_0, 0, 2;
    %jmp T_0;
    .thread T_0, $push;
    .scope S_0x56496c636f10;
T_1 ;
    %pushi/vec4 0, 0, 1;
    %store/vec4 v0x56496c64aa90_0, 0, 1;
    %pushi/vec4 0, 0, 1;
    %store/vec4 v0x56496c64ab60_0, 0, 1;
    %pushi/vec4 0, 0, 1;
    %store/vec4 v0x56496c64a930_0, 0, 1;
    %delay 3, 0;
    %pushi/vec4 0, 0, 1;
    %store/vec4 v0x56496c64aa90_0, 0, 1;
    %pushi/vec4 0, 0, 1;
    %store/vec4 v0x56496c64ab60_0, 0, 1;
    %pushi/vec4 1, 0, 1;
    %store/vec4 v0x56496c64a930_0, 0, 1;
    %delay 3, 0;
    %pushi/vec4 0, 0, 1;
    %store/vec4 v0x56496c64aa90_0, 0, 1;
    %pushi/vec4 1, 0, 1;
    %store/vec4 v0x56496c64ab60_0, 0, 1;
    %pushi/vec4 0, 0, 1;
    %store/vec4 v0x56496c64a930_0, 0, 1;
    %delay 3, 0;
    %pushi/vec4 0, 0, 1;
    %store/vec4 v0x56496c64aa90_0, 0, 1;
    %pushi/vec4 1, 0, 1;
    %store/vec4 v0x56496c64ab60_0, 0, 1;
    %pushi/vec4 1, 0, 1;
    %store/vec4 v0x56496c64a930_0, 0, 1;
    %delay 3, 0;
    %pushi/vec4 1, 0, 1;
    %store/vec4 v0x56496c64aa90_0, 0, 1;
    %pushi/vec4 0, 0, 1;
    %store/vec4 v0x56496c64ab60_0, 0, 1;
    %pushi/vec4 0, 0, 1;
    %store/vec4 v0x56496c64a930_0, 0, 1;
    %delay 3, 0;
    %pushi/vec4 1, 0, 1;
    %store/vec4 v0x56496c64aa90_0, 0, 1;
    %pushi/vec4 0, 0, 1;
    %store/vec4 v0x56496c64ab60_0, 0, 1;
    %pushi/vec4 1, 0, 1;
    %store/vec4 v0x56496c64a930_0, 0, 1;
    %delay 3, 0;
    %pushi/vec4 1, 0, 1;
    %store/vec4 v0x56496c64aa90_0, 0, 1;
    %pushi/vec4 1, 0, 1;
    %store/vec4 v0x56496c64ab60_0, 0, 1;
    %pushi/vec4 0, 0, 1;
    %store/vec4 v0x56496c64a930_0, 0, 1;
    %delay 3, 0;
    %pushi/vec4 1, 0, 1;
    %store/vec4 v0x56496c64aa90_0, 0, 1;
    %pushi/vec4 1, 0, 1;
    %store/vec4 v0x56496c64ab60_0, 0, 1;
    %pushi/vec4 1, 0, 1;
    %store/vec4 v0x56496c64a930_0, 0, 1;
    %delay 3, 0;
    %end;
    .thread T_1;
    .scope S_0x56496c636f10;
T_2 ;
    %fork t_1, S_0x56496c6370a0;
    %jmp t_0;
    .scope S_0x56496c6370a0;
t_1 ;
    %vpi_call 2 29 "$dumpfile", "sum1bcc_TB.vcd" {0 0 0};
    %vpi_call 2 30 "$dumpvars", 32'sb11111111111111111111111111111111, S_0x56496c6231f0 {0 0 0};
    %delay 200, 0;
    %vpi_call 2 31 "$finish" {0 0 0};
    %end;
    .scope S_0x56496c636f10;
t_0 %join;
    %end;
    .thread T_2;
# The file index is used to find the file name in the following table.
:file_names 4;
    "N/A";
    "<interactive>";
    "/home/volplet/Escritorio/digital1v2/lab01-2024-2-garoperob/src/sum1bcc_TB.v";
    "src/sum1bcc.v";
